The SAS System                               13:12 Wednesday, April 13, 2011   1

The FREQ Procedure

                                       Cumulative    Cumulative
holding_co    Frequency     Percent     Frequency      Percent
---------------------------------------------------------------
         0      545693       91.54        545693        91.54  
         1       50448        8.46        596141       100.00  
The SAS System                               13:12 Wednesday, April 13, 2011   2

The FREQ Procedure

                              Cumulative    Cumulative
n    Frequency     Percent     Frequency      Percent
------------------------------------------------------
1        4057        0.80          4057         0.80  
2        4024        0.79          8081         1.59  
3      500526       98.41        508607       100.00  
The SAS System                               13:12 Wednesday, April 13, 2011   3

The MEANS Procedure

Variable  Label                                                 N          Mean
-------------------------------------------------------------------------------
permno    Historical CRSP PERMNO Link to COMPUSTAT Record  478322      60053.54
datadate  Data Date                                        478322      13356.70
sic2                                                       478322    45.6857849
fqenddt   Data Date                                        478322      13221.55
bhr                                                        478322     0.0283718
dnibe                                                      478322     0.0015879
year                                                       478322       1995.69
-------------------------------------------------------------------------------
The SAS System                               13:12 Wednesday, April 13, 2011   4

   Obs permno gvkey  datadate sic2  fqenddt datacqtr    bhr     dnibe  year

     1  10031 001003 19841231  57  19840331  1984Q1  -0.02326 0.004715 1984
     2  10031 001003 19841231  57  19840630  1984Q2  -0.19048 0.005254 1984
     3  10031 001003 19841231  57  19840930  1984Q3  -0.17647 0.010436 1984
     4  10031 001003 19841231  57  19841231  1984Q4  -0.14286 0.013418 1984
     5  10082 001011 19831231  48  19830630  1983Q2   0.32500 0.007588 1983
The SAS System                               13:12 Wednesday, April 13, 2011   5

The FREQ Procedure

                                 Cumulative    Cumulative
year    Frequency     Percent     Frequency      Percent
---------------------------------------------------------
1981         949        1.27           949         1.27  
1982         988        1.33          1937         2.60  
1983        1018        1.37          2955         3.97  
1984        1368        1.84          4323         5.81  
1985        1718        2.31          6041         8.11  
1986        1874        2.52          7915        10.63  
1987        2152        2.89         10067        13.52  
1988        2171        2.92         12238        16.43  
1989        2216        2.98         14454        19.41  
1990        2398        3.22         16852        22.63  
1991        2486        3.34         19338        25.97  
1992        2514        3.38         21852        29.35  
1993        2574        3.46         24426        32.80  
1994        2607        3.50         27033        36.30  
1995        2784        3.74         29817        40.04  
1996        2970        3.99         32787        44.03  
1997        3336        4.48         36123        48.51  
1998        3288        4.42         39411        52.93  
1999        3317        4.45         42728        57.38  
2000        3288        4.42         46016        61.80  
2001        3310        4.45         49326        66.24  
2002        3272        4.39         52598        70.63  
2003        3415        4.59         56013        75.22  
2004        3411        4.58         59424        79.80  
2005        3267        4.39         62691        84.19  
2006        3083        4.14         65774        88.33  
2007        2927        3.93         68701        92.26  
2008        2875        3.86         71576        96.12  
2009        2889        3.88         74465       100.00  
The SAS System                               13:12 Wednesday, April 13, 2011   6

The MEANS Procedure

Variable     Label                  N            Mean
-----------------------------------------------------
datadate1    Data Date          74465        13887.07
sic2                            74465      45.1680521
fqenddt1     Data Date          74465        13887.07
fqenddt      Data Date          74465        12522.73
dnibe                           74465       0.0094664
bhr                             74465       0.0607099
year                            74465         1997.14
a_i          Intercept          74465       0.0040499
b_i                             74465       0.0198496
COUNT        Frequency Count    74465     150.3501914
-----------------------------------------------------
The SAS System                               13:12 Wednesday, April 13, 2011   7

    Obs    gvkey1    datadate1    sic2    fqenddt1    datacqtr1     fqenddt

      1    001855    19811231      10     19811231     1981Q4      19780331
      2    001855    19811231      10     19811231     1981Q4      19780630
      3    001855    19811231      10     19811231     1981Q4      19780930
      4    001855    19811231      10     19811231     1981Q4      19781231
      5    001855    19811231      10     19811231     1981Q4      19790331
      6    001855    19811231      10     19811231     1981Q4      19790630
      7    001855    19811231      10     19811231     1981Q4      19790930
      8    001855    19811231      10     19811231     1981Q4      19791231
      9    001855    19811231      10     19811231     1981Q4      19800331
     10    001855    19811231      10     19811231     1981Q4      19800630
     11    001855    19811231      10     19811231     1981Q4      19800930
     12    001855    19811231      10     19811231     1981Q4      19801231
     13    001855    19811231      10     19811231     1981Q4      19810331
     14    001855    19811231      10     19811231     1981Q4      19810630
     15    001855    19811231      10     19811231     1981Q4      19810930
     16    001855    19811231      10     19811231     1981Q4      19811231
     17    002162    19811231      10     19811231     1981Q4      19780331
     18    002162    19811231      10     19811231     1981Q4      19780630
     19    002162    19811231      10     19811231     1981Q4      19780930
     20    002162    19811231      10     19811231     1981Q4      19781231

    Obs      dnibe        bhr      year       a_i        b_i      COUNT

      1     0.00335     0.00000    1981    0.044860    0.13880      14 
      2     0.01784     0.26667    1981    0.044860    0.13880      14 
      3     0.00645     0.15000    1981    0.044860    0.13880      14 
      4     0.05352    -0.24464    1981    0.044860    0.13880      14 
      5     0.16544     0.43059    1981    0.044860    0.13880      14 
      6     0.08014    -0.11283    1981    0.044860    0.13880      14 
      7     0.09755     0.39619    1981    0.044860    0.13880      14 
      8     0.10578    -0.02044    1981    0.044860    0.13880      14 
      9     0.17952     0.19371    1981    0.044860    0.13880      14 
     10     0.07571     0.34618    1981    0.044860    0.13880      14 
     11     0.04861     0.07923    1981    0.044860    0.13880      14 
     12     0.01200    -0.35439    1981    0.044860    0.13880      14 
     13     0.02825     0.13333    1981    0.044860    0.13880      14 
     14     0.02872    -0.25750    1981    0.044860    0.13880      14 
     15     0.02115    -0.14904    1981    0.044860    0.13880      14 
     16    -0.10714    -0.14286    1981    0.044860    0.13880      14 
     17     0.11555     0.20000    1981    0.065763    0.05404      14 
     18     0.07204     0.25000    1981    0.065763    0.05404      14 
     19     0.04635     0.20000    1981    0.065763    0.05404      14 
     20     0.02963    -0.30556    1981    0.065763    0.05404      14 
The SAS System                               13:12 Wednesday, April 13, 2011   8

The MEANS Procedure

Variable      Label               N            Mean          Median
-------------------------------------------------------------------
datadate_i    Data Date    11121394        14673.04        15065.00
acctcomp                   11121394      -3.0593532      -1.7350000
-------------------------------------------------------------------
The SAS System                               13:12 Wednesday, April 13, 2011   9

The FREQ Procedure

                                 Cumulative    Cumulative
year    Frequency     Percent     Frequency      Percent
---------------------------------------------------------
1981       52920        0.48         52920         0.48  
1982       56440        0.51        109360         0.98  
1983       59646        0.54        169006         1.52  
1984       95120        0.86        264126         2.37  
1985      146076        1.31        410202         3.69  
1986      169552        1.52        579754         5.21  
1987      220160        1.98        799914         7.19  
1988      220480        1.98       1020394         9.18  
1989      229278        2.06       1249672        11.24  
1990      256325        2.30       1505997        13.54  
1991      274980        2.47       1780977        16.01  
1992      277324        2.49       2058301        18.51  
1993      293438        2.64       2351739        21.15  
1994      305450        2.75       2657189        23.89  
1995      346422        3.11       3003611        27.01  
1996      400798        3.60       3404409        30.61  
1997      506524        4.55       3910933        35.17  
1998      508960        4.58       4419893        39.74  
1999      548712        4.93       4968605        44.68  
2000      576102        5.18       5544707        49.86  
2001      594833        5.35       6139540        55.20  
2002      611008        5.49       6750548        60.70  
2003      727842        6.54       7478390        67.24  
2004      747466        6.72       8225856        73.96  
2005      686924        6.18       8912780        80.14  
2006      608590        5.47       9521370        85.61  
2007      560040        5.04      10081410        90.65  
2008      531692        4.78      10613102        95.43  
2009      508292        4.57      11121394       100.00  
The SAS System                               13:12 Wednesday, April 13, 2011  10

                       datadate_
     Obs    gvkey_i        i        gvkey_j    acctcomp    year

       1    001020     19811231     001856      -4.764     1981
       2    001020     19811231     002418      -0.822     1981
       3    001020     19811231     002893      -3.141     1981
       4    001020     19811231     003532      -1.189     1981
       5    001020     19811231     004802      -2.230     1981
       6    001020     19811231     005871      -1.168     1981
       7    001020     19811231     006796      -1.279     1981
       8    001020     19811231     007007      -0.857     1981
       9    001020     19811231     007555      -1.147     1981
      10    001020     19811231     007739      -0.626     1981
      11    001020     19811231     008004      -0.882     1981
      12    001020     19811231     008214      -1.646     1981
      13    001020     19811231     008215      -1.718     1981
      14    001020     19811231     008816      -3.611     1981
      15    001020     19811231     008964      -2.571     1981
      16    001020     19811231     009837      -1.352     1981
      17    001020     19811231     010816      -1.761     1981
      18    001072     19811231     001161      -0.632     1981
      19    001072     19811231     001278      -6.545     1981
      20    001072     19811231     001327      -1.303     1981
The SAS System                               13:12 Wednesday, April 13, 2011  11

The MEANS Procedure

Variable          Label                                        N            Mean
--------------------------------------------------------------------------------
datadate          Data Date                                74465        13887.07
m4_acctcomp       the mean, acctcomp                       74465      -0.6687602
m10_acctcomp      the mean, acctcomp                       74465      -0.9468642
n_acctcomp        number of nonmissing values, acctcomp    74465     149.3506211
ind_acctcomp      the mean, acctcomp                       74465      -3.0331661
indmd_acctcomp    the median, acctcomp                     74465      -2.4297646
year                                                       74465         1997.14
--------------------------------------------------------------------------------

Variable          Label                                          Median
-----------------------------------------------------------------------
datadate          Data Date                                    14244.00
m4_acctcomp       the mean, acctcomp                         -0.2600000
m10_acctcomp      the mean, acctcomp                         -0.4000000
n_acctcomp        number of nonmissing values, acctcomp     122.0000000
ind_acctcomp      the mean, acctcomp                         -2.4100000
indmd_acctcomp    the median, acctcomp                       -1.5600000
year                                                            1998.00
-----------------------------------------------------------------------
The SAS System                               13:12 Wednesday, April 13, 2011  12

The FREQ Procedure

                                 Cumulative    Cumulative
year    Frequency     Percent     Frequency      Percent
---------------------------------------------------------
1981         949        1.27           949         1.27  
1982         988        1.33          1937         2.60  
1983        1018        1.37          2955         3.97  
1984        1368        1.84          4323         5.81  
1985        1718        2.31          6041         8.11  
1986        1874        2.52          7915        10.63  
1987        2152        2.89         10067        13.52  
1988        2171        2.92         12238        16.43  
1989        2216        2.98         14454        19.41  
1990        2398        3.22         16852        22.63  
1991        2486        3.34         19338        25.97  
1992        2514        3.38         21852        29.35  
1993        2574        3.46         24426        32.80  
1994        2607        3.50         27033        36.30  
1995        2784        3.74         29817        40.04  
1996        2970        3.99         32787        44.03  
1997        3336        4.48         36123        48.51  
1998        3288        4.42         39411        52.93  
1999        3317        4.45         42728        57.38  
2000        3288        4.42         46016        61.80  
2001        3310        4.45         49326        66.24  
2002        3272        4.39         52598        70.63  
2003        3415        4.59         56013        75.22  
2004        3411        4.58         59424        79.80  
2005        3267        4.39         62691        84.19  
2006        3083        4.14         65774        88.33  
2007        2927        3.93         68701        92.26  
2008        2875        3.86         71576        96.12  
2009        2889        3.88         74465       100.00  
The SAS System                               13:12 Wednesday, April 13, 2011  13

                                    m10_                ind_    indmd_
  Obs gvkey  datadate m4_acctcomp acctcomp n_acctcomp acctcomp acctcomp year

    1 001011 19861231    -1.06      -1.71      32       -3.29    -3.03  1986
    2 001011 19871231    -0.94      -1.42      46       -3.38    -3.58  1987
    3 001011 19881231    -0.87      -1.21      43       -2.47    -2.37  1988
    4 001011 19891231    -1.40      -1.84      46       -3.28    -2.89  1989
    5 001011 19901231    -1.56      -1.96      53       -3.56    -3.43  1990
